
Bookãƒ¢ãƒ‡ãƒ«ã®ãƒ†ã‚¹ãƒˆ
  ãƒãƒªãƒ‡ãƒ¼ã‚·ãƒ§ãƒ³ã®ãƒ†ã‚¹ãƒˆ
    titleã‚«ãƒ©ãƒ 
[32m      ç©ºæ¬„ã§ãªã„ã“ã¨[0m
    bodyã‚«ãƒ©ãƒ 
[32m      ç©ºæ¬„ã§ãªã„ã“ã¨[0m
[32m      200æ–‡å­—ä»¥ä¸‹ã§ã‚ã‚‹ã“ã¨: 200æ–‡å­—ã¯ã€‡[0m
[32m      200æ–‡å­—ä»¥ä¸‹ã§ã‚ã‚‹ã“ã¨: 201æ–‡å­—ã¯Ã—[0m
  ã‚¢ã‚½ã‚·ã‚¨ãƒ¼ã‚·ãƒ§ãƒ³ã®ãƒ†ã‚¹ãƒˆ
    Userãƒ¢ãƒ‡ãƒ«ã¨ã®é–¢ä¿‚
[32m      N:1ã¨ãªã£ã¦ã„ã‚‹[0m

Userãƒ¢ãƒ‡ãƒ«ã®ãƒ†ã‚¹ãƒˆ
  ãƒãƒªãƒ‡ãƒ¼ã‚·ãƒ§ãƒ³ã®ãƒ†ã‚¹ãƒˆ
    nameã‚«ãƒ©ãƒ 
[32m      ç©ºæ¬„ã§ãªã„ã“ã¨[0m
[32m      2æ–‡å­—ä»¥ä¸Šã§ã‚ã‚‹ã“ã¨: 1æ–‡å­—ã¯Ã—[0m
[32m      2æ–‡å­—ä»¥ä¸Šã§ã‚ã‚‹ã“ã¨: 2æ–‡å­—ã¯ã€‡[0m
[32m      20æ–‡å­—ä»¥ä¸‹ã§ã‚ã‚‹ã“ã¨: 20æ–‡å­—ã¯ã€‡[0m
[32m      20æ–‡å­—ä»¥ä¸‹ã§ã‚ã‚‹ã“ã¨: 21æ–‡å­—ã¯Ã—[0m
[32m      ä¸€æ„æ€§ãŒã‚ã‚‹ã“ã¨[0m
    introductionã‚«ãƒ©ãƒ 
[32m      50æ–‡å­—ä»¥ä¸‹ã§ã‚ã‚‹ã“ã¨: 50æ–‡å­—ã¯ã€‡[0m
[32m      50æ–‡å­—ä»¥ä¸‹ã§ã‚ã‚‹ã“ã¨: 51æ–‡å­—ã¯Ã—[0m
  ã‚¢ã‚½ã‚·ã‚¨ãƒ¼ã‚·ãƒ§ãƒ³ã®ãƒ†ã‚¹ãƒˆ
    Bookãƒ¢ãƒ‡ãƒ«ã¨ã®é–¢ä¿‚
[32m      1:Nã¨ãªã£ã¦ã„ã‚‹[0m

[STEP1] ãƒ¦ãƒ¼ã‚¶ãƒ­ã‚°ã‚¤ãƒ³å‰ã®ãƒ†ã‚¹ãƒˆ
  ãƒˆãƒƒãƒ—ç”»é¢ã®ãƒ†ã‚¹ãƒˆ
    è¡¨ç¤ºå†…å®¹ã®ç¢ºèª
[32m      URLãŒæ­£ã—ã„[0m
[32m      Log inãƒªãƒ³ã‚¯ãŒè¡¨ç¤ºã•ã‚Œã‚‹: é’è‰²ã®ãƒœã‚¿ãƒ³ã®è¡¨ç¤ºãŒã€ŒLog inã€ã§ã‚ã‚‹[0m
[32m      Log inãƒªãƒ³ã‚¯ã®å†…å®¹ãŒæ­£ã—ã„[0m
[32m      Sign upãƒªãƒ³ã‚¯ãŒè¡¨ç¤ºã•ã‚Œã‚‹: ç·‘è‰²ã®ãƒœã‚¿ãƒ³ã®è¡¨ç¤ºãŒã€ŒSign upã€ã§ã‚ã‚‹[0m
[32m      Sign upãƒªãƒ³ã‚¯ã®å†…å®¹ãŒæ­£ã—ã„[0m
  ã‚¢ãƒã‚¦ãƒˆç”»é¢ã®ãƒ†ã‚¹ãƒˆ
    è¡¨ç¤ºå†…å®¹ã®ç¢ºèª
[32m      URLãŒæ­£ã—ã„[0m
  ãƒ˜ãƒƒãƒ€ãƒ¼ã®ãƒ†ã‚¹ãƒˆ: ãƒ­ã‚°ã‚¤ãƒ³ã—ã¦ã„ãªã„å ´åˆ
    è¡¨ç¤ºå†…å®¹ã®ç¢ºèª
[32m      Bookersãƒªãƒ³ã‚¯ãŒè¡¨ç¤ºã•ã‚Œã‚‹: å·¦ä¸Šã‹ã‚‰1ç•ªç›®ã®ãƒªãƒ³ã‚¯ãŒã€ŒBookersã€ã§ã‚ã‚‹[0m
[32m      Homeãƒªãƒ³ã‚¯ãŒè¡¨ç¤ºã•ã‚Œã‚‹: å·¦ä¸Šã‹ã‚‰2ç•ªç›®ã®ãƒªãƒ³ã‚¯ãŒã€ŒHomeã€ã§ã‚ã‚‹[0m
[32m      Aboutãƒªãƒ³ã‚¯ãŒè¡¨ç¤ºã•ã‚Œã‚‹: å·¦ä¸Šã‹ã‚‰3ç•ªç›®ã®ãƒªãƒ³ã‚¯ãŒã€ŒAboutã€ã§ã‚ã‚‹[0m
[32m      Sign upãƒªãƒ³ã‚¯ãŒè¡¨ç¤ºã•ã‚Œã‚‹: å·¦ä¸Šã‹ã‚‰4ç•ªç›®ã®ãƒªãƒ³ã‚¯ãŒã€ŒSign upã€ã§ã‚ã‚‹[0m
[32m      Log inãƒªãƒ³ã‚¯ãŒè¡¨ç¤ºã•ã‚Œã‚‹: å·¦ä¸Šã‹ã‚‰5ç•ªç›®ã®ãƒªãƒ³ã‚¯ãŒã€ŒLog inã€ã§ã‚ã‚‹[0m
    ãƒªãƒ³ã‚¯ã®å†…å®¹ã‚’ç¢ºèª
[32m      Bookersã‚’æŠ¼ã™ã¨ã€ãƒˆãƒƒãƒ—ç”»é¢ã«é·ç§»ã™ã‚‹[0m
[32m      Homeã‚’æŠ¼ã™ã¨ã€ãƒˆãƒƒãƒ—ç”»é¢ã«é·ç§»ã™ã‚‹[0m
[32m      Aboutã‚’æŠ¼ã™ã¨ã€ã‚¢ãƒã‚¦ãƒˆç”»é¢ã«é·ç§»ã™ã‚‹[0m
[32m      Sign upã‚’æŠ¼ã™ã¨ã€æ–°è¦ç™»éŒ²ç”»é¢ã«é·ç§»ã™ã‚‹[0m
[32m      Log inã‚’æŠ¼ã™ã¨ã€ãƒ­ã‚°ã‚¤ãƒ³ç”»é¢ã«é·ç§»ã™ã‚‹[0m
  ãƒ¦ãƒ¼ã‚¶æ–°è¦ç™»éŒ²ã®ãƒ†ã‚¹ãƒˆ
    è¡¨ç¤ºå†…å®¹ã®ç¢ºèª
[32m      URLãŒæ­£ã—ã„[0m
[32m      ã€ŒSign upã€ã¨è¡¨ç¤ºã•ã‚Œã‚‹[0m
[32m      nameãƒ•ã‚©ãƒ¼ãƒ ãŒè¡¨ç¤ºã•ã‚Œã‚‹[0m
[32m      emailãƒ•ã‚©ãƒ¼ãƒ ãŒè¡¨ç¤ºã•ã‚Œã‚‹[0m
[32m      passwordãƒ•ã‚©ãƒ¼ãƒ ãŒè¡¨ç¤ºã•ã‚Œã‚‹[0m
[32m      password_confirmationãƒ•ã‚©ãƒ¼ãƒ ãŒè¡¨ç¤ºã•ã‚Œã‚‹[0m
[32m      Sign upãƒœã‚¿ãƒ³ãŒè¡¨ç¤ºã•ã‚Œã‚‹[0m
    æ–°è¦ç™»éŒ²æˆåŠŸã®ãƒ†ã‚¹ãƒˆ
[32m      æ­£ã—ãæ–°è¦ç™»éŒ²ã•ã‚Œã‚‹[0m
[32m      æ–°è¦ç™»éŒ²å¾Œã®ãƒªãƒ€ã‚¤ãƒ¬ã‚¯ãƒˆå…ˆãŒã€æ–°è¦ç™»éŒ²ã§ããŸãƒ¦ãƒ¼ã‚¶ã®è©³ç´°ç”»é¢ã«ãªã£ã¦ã„ã‚‹[0m
  ãƒ¦ãƒ¼ã‚¶ãƒ­ã‚°ã‚¤ãƒ³
    è¡¨ç¤ºå†…å®¹ã®ç¢ºèª
[32m      URLãŒæ­£ã—ã„[0m
[32m      ã€ŒLog inã€ã¨è¡¨ç¤ºã•ã‚Œã‚‹[0m
[32m      nameãƒ•ã‚©ãƒ¼ãƒ ãŒè¡¨ç¤ºã•ã‚Œã‚‹[0m
[32m      passwordãƒ•ã‚©ãƒ¼ãƒ ãŒè¡¨ç¤ºã•ã‚Œã‚‹[0m
[32m      Log inãƒœã‚¿ãƒ³ãŒè¡¨ç¤ºã•ã‚Œã‚‹[0m
[32m      emailãƒ•ã‚©ãƒ¼ãƒ ã¯è¡¨ç¤ºã•ã‚Œãªã„[0m
    ãƒ­ã‚°ã‚¤ãƒ³æˆåŠŸã®ãƒ†ã‚¹ãƒˆ
[32m      ãƒ­ã‚°ã‚¤ãƒ³å¾Œã®ãƒªãƒ€ã‚¤ãƒ¬ã‚¯ãƒˆå…ˆãŒã€ãƒ­ã‚°ã‚¤ãƒ³ã—ãŸãƒ¦ãƒ¼ã‚¶ã®è©³ç´°ç”»é¢ã«ãªã£ã¦ã„ã‚‹[0m
    ãƒ­ã‚°ã‚¤ãƒ³å¤±æ•—ã®ãƒ†ã‚¹ãƒˆ
[32m      ãƒ­ã‚°ã‚¤ãƒ³ã«å¤±æ•—ã—ã€ãƒ­ã‚°ã‚¤ãƒ³ç”»é¢ã«ãƒªãƒ€ã‚¤ãƒ¬ã‚¯ãƒˆã•ã‚Œã‚‹[0m
  ãƒ˜ãƒƒãƒ€ãƒ¼ã®ãƒ†ã‚¹ãƒˆ: ãƒ­ã‚°ã‚¤ãƒ³ã—ã¦ã„ã‚‹å ´åˆ
    ãƒ˜ãƒƒãƒ€ãƒ¼ã®è¡¨ç¤ºã‚’ç¢ºèª
[32m      Bookersãƒªãƒ³ã‚¯ãŒè¡¨ç¤ºã•ã‚Œã‚‹: å·¦ä¸Šã‹ã‚‰1ç•ªç›®ã®ãƒªãƒ³ã‚¯ãŒã€ŒBookersã€ã§ã‚ã‚‹[0m
[32m      Homeãƒªãƒ³ã‚¯ãŒè¡¨ç¤ºã•ã‚Œã‚‹: å·¦ä¸Šã‹ã‚‰2ç•ªç›®ã®ãƒªãƒ³ã‚¯ãŒã€ŒHomeã€ã§ã‚ã‚‹[0m
[31m      Usersãƒªãƒ³ã‚¯ãŒè¡¨ç¤ºã•ã‚Œã‚‹: å·¦ä¸Šã‹ã‚‰3ç•ªç›®ã®ãƒªãƒ³ã‚¯ãŒã€ŒUsersã€ã§ã‚ã‚‹ (FAILED - 1)[0m

Failures:

  1) [STEP1] ãƒ¦ãƒ¼ã‚¶ãƒ­ã‚°ã‚¤ãƒ³å‰ã®ãƒ†ã‚¹ãƒˆ ãƒ˜ãƒƒãƒ€ãƒ¼ã®ãƒ†ã‚¹ãƒˆ: ãƒ­ã‚°ã‚¤ãƒ³ã—ã¦ã„ã‚‹å ´åˆ ãƒ˜ãƒƒãƒ€ãƒ¼ã®è¡¨ç¤ºã‚’ç¢ºèª Usersãƒªãƒ³ã‚¯ãŒè¡¨ç¤ºã•ã‚Œã‚‹: å·¦ä¸Šã‹ã‚‰3ç•ªç›®ã®ãƒªãƒ³ã‚¯ãŒã€ŒUsersã€ã§ã‚ã‚‹
     [31mFailure/Error: profile_image.variant(resize: size).processed[0m
     [31m[0m
     [31mActionView::Template::Error:[0m
     [31m  `magick convert /tmp/ActiveStorage-1-20220127-20159-kuqkcm.jpeg[0] -auto-orient -resize 63x63 /tmp/image_processing20220127-20159-11qevar.jpeg` failed with error:[0m
     [36m# /home/ec2-user/.rvm/gems/ruby-2.6.3/gems/mini_magick-4.11.0/lib/mini_magick/shell.rb:17:in `run'[0m
     [36m# /home/ec2-user/.rvm/gems/ruby-2.6.3/gems/mini_magick-4.11.0/lib/mini_magick/tool.rb:92:in `call'[0m
     [36m# /home/ec2-user/.rvm/gems/ruby-2.6.3/gems/image_processing-1.12.1/lib/image_processing/mini_magick.rb:56:in `save_image'[0m
     [36m# /home/ec2-user/.rvm/gems/ruby-2.6.3/gems/image_processing-1.12.1/lib/image_processing/processor.rb:23:in `call'[0m
     [36m# /home/ec2-user/.rvm/gems/ruby-2.6.3/gems/image_processing-1.12.1/lib/image_processing/pipeline.rb:50:in `call_processor'[0m
     [36m# /home/ec2-user/.rvm/gems/ruby-2.6.3/gems/image_processing-1.12.1/lib/image_processing/pipeline.rb:28:in `block in call'[0m
     [36m# /home/ec2-user/.rvm/gems/ruby-2.6.3/gems/image_processing-1.12.1/lib/image_processing/pipeline.rb:64:in `create_tempfile'[0m
     [36m# /home/ec2-user/.rvm/gems/ruby-2.6.3/gems/image_processing-1.12.1/lib/image_processing/pipeline.rb:27:in `call'[0m
     [36m# /home/ec2-user/.rvm/gems/ruby-2.6.3/gems/image_processing-1.12.1/lib/image_processing/builder.rb:14:in `block in call!'[0m
     [36m# /home/ec2-user/.rvm/gems/ruby-2.6.3/gems/image_processing-1.12.1/lib/image_processing/builder.rb:21:in `instrument'[0m
     [36m# /home/ec2-user/.rvm/gems/ruby-2.6.3/gems/image_processing-1.12.1/lib/image_processing/builder.rb:13:in `call!'[0m
     [36m# /home/ec2-user/.rvm/gems/ruby-2.6.3/gems/image_processing-1.12.1/lib/image_processing/chainable.rb:58:in `call'[0m
     [36m# /home/ec2-user/.rvm/gems/ruby-2.6.3/gems/activestorage-6.1.4.4/lib/active_storage/transformers/image_processing_transformer.rb:22:in `process'[0m
     [36m# /home/ec2-user/.rvm/gems/ruby-2.6.3/gems/activestorage-6.1.4.4/lib/active_storage/transformers/transformer.rb:22:in `transform'[0m
     [36m# /home/ec2-user/.rvm/gems/ruby-2.6.3/gems/activestorage-6.1.4.4/app/models/active_storage/variation.rb:56:in `block in transform'[0m
     [36m# /home/ec2-user/.rvm/gems/ruby-2.6.3/gems/activestorage-6.1.4.4/app/models/active_storage/variation.rb:55:in `transform'[0m
     [36m# /home/ec2-user/.rvm/gems/ruby-2.6.3/gems/activestorage-6.1.4.4/app/models/active_storage/variant_with_record.rb:35:in `block in transform_blob'[0m
     [36m# /home/ec2-user/.rvm/gems/ruby-2.6.3/gems/activestorage-6.1.4.4/lib/active_storage/downloader.rb:15:in `block in open'[0m
     [36m# /home/ec2-user/.rvm/gems/ruby-2.6.3/gems/activestorage-6.1.4.4/lib/active_storage/downloader.rb:24:in `open_tempfile'[0m
     [36m# /home/ec2-user/.rvm/gems/ruby-2.6.3/gems/activestorage-6.1.4.4/lib/active_storage/downloader.rb:12:in `open'[0m
     [36m# /home/ec2-user/.rvm/gems/ruby-2.6.3/gems/activestorage-6.1.4.4/lib/active_storage/service.rb:90:in `open'[0m
     [36m# /home/ec2-user/.rvm/gems/ruby-2.6.3/gems/activestorage-6.1.4.4/app/models/active_storage/blob.rb:276:in `open'[0m
     [36m# /home/ec2-user/.rvm/gems/ruby-2.6.3/gems/activestorage-6.1.4.4/app/models/active_storage/variant_with_record.rb:34:in `transform_blob'[0m
     [36m# /home/ec2-user/.rvm/gems/ruby-2.6.3/gems/activestorage-6.1.4.4/app/models/active_storage/variant_with_record.rb:16:in `process'[0m
     [36m# /home/ec2-user/.rvm/gems/ruby-2.6.3/gems/activestorage-6.1.4.4/app/models/active_storage/variant_with_record.rb:11:in `processed'[0m
     [36m# ./app/models/user.rb:17:in `get_profile_image'[0m
     [36m# ./app/views/books/_info.html.erb:4:in `_app_views_books__info_html_erb__2469942899417233546_79263740'[0m
     [36m# ./app/views/users/show.html.erb:2:in `_app_views_users_show_html_erb__2492460344759757086_79228340'[0m
     [36m# /home/ec2-user/.rvm/gems/ruby-2.6.3/gems/actiontext-6.1.4.4/lib/action_text/rendering.rb:20:in `with_renderer'[0m
     [36m# /home/ec2-user/.rvm/gems/ruby-2.6.3/gems/actiontext-6.1.4.4/lib/action_text/engine.rb:59:in `block (4 levels) in <class:Engine>'[0m
     [36m# /home/ec2-user/.rvm/gems/ruby-2.6.3/gems/warden-1.2.9/lib/warden/manager.rb:36:in `block in call'[0m
     [36m# /home/ec2-user/.rvm/gems/ruby-2.6.3/gems/warden-1.2.9/lib/warden/manager.rb:34:in `catch'[0m
     [36m# /home/ec2-user/.rvm/gems/ruby-2.6.3/gems/warden-1.2.9/lib/warden/manager.rb:34:in `call'[0m
     [36m# /home/ec2-user/.rvm/gems/ruby-2.6.3/gems/rack-2.2.3/lib/rack/tempfile_reaper.rb:15:in `call'[0m
     [36m# /home/ec2-user/.rvm/gems/ruby-2.6.3/gems/rack-2.2.3/lib/rack/etag.rb:27:in `call'[0m
     [36m# /home/ec2-user/.rvm/gems/ruby-2.6.3/gems/rack-2.2.3/lib/rack/conditional_get.rb:27:in `call'[0m
     [36m# /home/ec2-user/.rvm/gems/ruby-2.6.3/gems/rack-2.2.3/lib/rack/head.rb:12:in `call'[0m
     [36m# /home/ec2-user/.rvm/gems/ruby-2.6.3/gems/rack-2.2.3/lib/rack/session/abstract/id.rb:266:in `context'[0m
     [36m# /home/ec2-user/.rvm/gems/ruby-2.6.3/gems/rack-2.2.3/lib/rack/session/abstract/id.rb:260:in `call'[0m
     [36m# /home/ec2-user/.rvm/gems/ruby-2.6.3/gems/railties-6.1.4.4/lib/rails/rack/logger.rb:37:in `call_app'[0m
     [36m# /home/ec2-user/.rvm/gems/ruby-2.6.3/gems/railties-6.1.4.4/lib/rails/rack/logger.rb:26:in `block in call'[0m
     [36m# /home/ec2-user/.rvm/gems/ruby-2.6.3/gems/railties-6.1.4.4/lib/rails/rack/logger.rb:26:in `call'[0m
     [36m# /home/ec2-user/.rvm/gems/ruby-2.6.3/gems/rack-2.2.3/lib/rack/method_override.rb:24:in `call'[0m
     [36m# /home/ec2-user/.rvm/gems/ruby-2.6.3/gems/rack-2.2.3/lib/rack/runtime.rb:22:in `call'[0m
     [36m# /home/ec2-user/.rvm/gems/ruby-2.6.3/gems/rack-2.2.3/lib/rack/sendfile.rb:110:in `call'[0m
     [36m# /home/ec2-user/.rvm/gems/ruby-2.6.3/gems/railties-6.1.4.4/lib/rails/engine.rb:539:in `call'[0m
     [36m# /home/ec2-user/.rvm/gems/ruby-2.6.3/gems/rack-2.2.3/lib/rack/urlmap.rb:74:in `block in call'[0m
     [36m# /home/ec2-user/.rvm/gems/ruby-2.6.3/gems/rack-2.2.3/lib/rack/urlmap.rb:58:in `each'[0m
     [36m# /home/ec2-user/.rvm/gems/ruby-2.6.3/gems/rack-2.2.3/lib/rack/urlmap.rb:58:in `call'[0m
     [36m# /home/ec2-user/.rvm/gems/ruby-2.6.3/gems/rack-2.2.3/lib/rack/builder.rb:244:in `call'[0m
     [36m# /home/ec2-user/.rvm/gems/ruby-2.6.3/gems/rack-test-1.1.0/lib/rack/mock_session.rb:29:in `request'[0m
     [36m# /home/ec2-user/.rvm/gems/ruby-2.6.3/gems/rack-test-1.1.0/lib/rack/test.rb:266:in `process_request'[0m
     [36m# /home/ec2-user/.rvm/gems/ruby-2.6.3/gems/rack-test-1.1.0/lib/rack/test.rb:129:in `custom_request'[0m
     [36m# /home/ec2-user/.rvm/gems/ruby-2.6.3/gems/rack-test-1.1.0/lib/rack/test.rb:58:in `get'[0m
     [36m# /home/ec2-user/.rvm/gems/ruby-2.6.3/gems/capybara-3.36.0/lib/capybara/rack_test/browser.rb:72:in `process'[0m
     [36m# /home/ec2-user/.rvm/gems/ruby-2.6.3/gems/capybara-3.36.0/lib/capybara/rack_test/browser.rb:56:in `block in process_and_follow_redirects'[0m
     [36m# /home/ec2-user/.rvm/gems/ruby-2.6.3/gems/capybara-3.36.0/lib/capybara/rack_test/browser.rb:51:in `times'[0m
     [36m# /home/ec2-user/.rvm/gems/ruby-2.6.3/gems/capybara-3.36.0/lib/capybara/rack_test/browser.rb:51:in `process_and_follow_redirects'[0m
     [36m# /home/ec2-user/.rvm/gems/ruby-2.6.3/gems/capybara-3.36.0/lib/capybara/rack_test/browser.rb:36:in `submit'[0m
     [36m# /home/ec2-user/.rvm/gems/ruby-2.6.3/gems/capybara-3.36.0/lib/capybara/rack_test/form.rb:43:in `submit'[0m
     [36m# /home/ec2-user/.rvm/gems/ruby-2.6.3/gems/capybara-3.36.0/lib/capybara/rack_test/node.rb:75:in `click'[0m
     [36m# /home/ec2-user/.rvm/gems/ruby-2.6.3/gems/capybara-3.36.0/lib/capybara/rack_test/node.rb:144:in `block (2 levels) in <class:Node>'[0m
     [36m# /home/ec2-user/.rvm/gems/ruby-2.6.3/gems/capybara-3.36.0/lib/capybara/node/element.rb:172:in `block in click'[0m
     [36m# /home/ec2-user/.rvm/gems/ruby-2.6.3/gems/capybara-3.36.0/lib/capybara/node/element.rb:597:in `block in perform_click_action'[0m
     [36m# /home/ec2-user/.rvm/gems/ruby-2.6.3/gems/capybara-3.36.0/lib/capybara/node/base.rb:83:in `synchronize'[0m
     [36m# /home/ec2-user/.rvm/gems/ruby-2.6.3/gems/capybara-3.36.0/lib/capybara/node/element.rb:597:in `perform_click_action'[0m
     [36m# /home/ec2-user/.rvm/gems/ruby-2.6.3/gems/capybara-3.36.0/lib/capybara/node/element.rb:171:in `click'[0m
     [36m# /home/ec2-user/.rvm/gems/ruby-2.6.3/gems/capybara-3.36.0/lib/capybara/node/actions.rb:58:in `click_button'[0m
     [36m# /home/ec2-user/.rvm/gems/ruby-2.6.3/gems/capybara-3.36.0/lib/capybara/session.rb:778:in `block (2 levels) in <class:Session>'[0m
     [36m# /home/ec2-user/.rvm/gems/ruby-2.6.3/gems/capybara-3.36.0/lib/capybara/dsl.rb:58:in `block (2 levels) in <module:DSL>'[0m
     [36m# ./spec/system/01_before_login_spec.rb:217:in `block (3 levels) in <main>'[0m
     [36m# ------------------[0m
     [36m# --- Caused by: ---[0m
     [36m# MiniMagick::Error:[0m
     [36m#   `magick convert /tmp/ActiveStorage-1-20220127-20159-kuqkcm.jpeg[0] -auto-orient -resize 63x63 /tmp/image_processing20220127-20159-11qevar.jpeg` failed with error:[0m
     [36m#   /home/ec2-user/.rvm/gems/ruby-2.6.3/gems/mini_magick-4.11.0/lib/mini_magick/shell.rb:17:in `run'[0m

Finished in 1.84 seconds (files took 1.01 seconds to load)
[31m50 examples, 1 failure[0m

Failed examples:

[31mrspec ./spec/system/01_before_login_spec.rb:229[0m [36m# [STEP1] ãƒ¦ãƒ¼ã‚¶ãƒ­ã‚°ã‚¤ãƒ³å‰ã®ãƒ†ã‚¹ãƒˆ ãƒ˜ãƒƒãƒ€ãƒ¼ã®ãƒ†ã‚¹ãƒˆ: ãƒ­ã‚°ã‚¤ãƒ³ã—ã¦ã„ã‚‹å ´åˆ ãƒ˜ãƒƒãƒ€ãƒ¼ã®è¡¨ç¤ºã‚’ç¢ºèª Usersãƒªãƒ³ã‚¯ãŒè¡¨ç¤ºã•ã‚Œã‚‹: å·¦ä¸Šã‹ã‚‰3ç•ªç›®ã®ãƒªãƒ³ã‚¯ãŒã€ŒUsersã€ã§ã‚ã‚‹[0m

